<?xml version="1.0" encoding="UTF-8"?>
<!-- Generated by org.testng.reporters.JUnitXMLReporter -->
<testsuite ignored="0" hostname="LAPTOP-BINRATQ1" failures="0" tests="3" name="Default test" time="0.17" errors="0" timestamp="2020-06-04T10:07:42 PDT">
  <testcase classname="com.testng.DependsUponMethod" name="login" time="0.01"/>
  <testcase classname="com.testng.DependsUponMethod" name="search" time="0.099"/>
  <testcase classname="com.testng.DependsUponMethod" name="logout" time="0.002"/>
</testsuite> <!-- Default test -->
