<?xml version="1.0" encoding="UTF-8"?>
<testng-results ignored="1" total="3" passed="2" failed="0" skipped="0">
  <reporter-output>
  </reporter-output>
  <suite started-at="2020-06-04T10:20:00 PDT" name="Suite" finished-at="2020-06-04T10:20:00 PDT" duration-ms="65">
    <groups>
      <group name="regressiontesting">
        <method signature="DependsOnGroups.logout()[pri:0, instance:com.testng.DependsOnGroups@10e31a9a]" name="logout" class="com.testng.DependsOnGroups"/>
        <method signature="DependsOnGroups.search()[pri:0, instance:com.testng.DependsOnGroups@10e31a9a]" name="search" class="com.testng.DependsOnGroups"/>
      </group> <!-- regressiontesting -->
      <group name="retesting">
        <method signature="DependsOnGroups.logout()[pri:0, instance:com.testng.DependsOnGroups@10e31a9a]" name="logout" class="com.testng.DependsOnGroups"/>
      </group> <!-- retesting -->
      <group name="smoketesting">
        <method signature="DependsOnGroups.search()[pri:0, instance:com.testng.DependsOnGroups@10e31a9a]" name="search" class="com.testng.DependsOnGroups"/>
      </group> <!-- smoketesting -->
    </groups>
    <test started-at="2020-06-04T10:20:00 PDT" name="Test" finished-at="2020-06-04T10:20:00 PDT" duration-ms="65">
      <class name="com.testng.DependsOnGroups">
        <test-method signature="logout()[pri:0, instance:com.testng.DependsOnGroups@10e31a9a]" started-at="2020-06-04T10:20:00 PDT" name="logout" finished-at="2020-06-04T10:20:00 PDT" duration-ms="12" status="PASS">
          <reporter-output>
          </reporter-output>
        </test-method> <!-- logout -->
        <test-method signature="search()[pri:0, instance:com.testng.DependsOnGroups@10e31a9a]" started-at="2020-06-04T10:20:00 PDT" name="search" finished-at="2020-06-04T10:20:00 PDT" duration-ms="2" status="PASS">
          <reporter-output>
          </reporter-output>
        </test-method> <!-- search -->
      </class> <!-- com.testng.DependsOnGroups -->
    </test> <!-- Test -->
  </suite> <!-- Suite -->
</testng-results>
