<?xml version="1.0" encoding="UTF-8"?>
<!-- Generated by org.testng.reporters.JUnitXMLReporter -->
<testsuite ignored="1" hostname="LAPTOP-BINRATQ1" failures="0" tests="2" name="Test" time="0.065" errors="0" timestamp="2020-06-04T10:20:00 PDT">
  <testcase classname="com.testng.DependsOnGroups" name="logout" time="0.012"/>
  <testcase classname="com.testng.DependsOnGroups" name="search" time="0.002"/>
  <testcase classname="com.testng.DependsOnGroups" name="login" time="0.0">
    <ignored/>
  </testcase> <!-- login -->
</testsuite> <!-- Test -->
